> tbuild -f loadJSON.tpt -v loadJSON-jobvars-sample.txt

Teradata Parallel Transporter Version 16.20.00.15 64-Bit
The global configuration file 'c:\program files\teradata\client\16.20\Teradata Parallel Transporter\twbcfg.ini' is used.
Log Directory: C:\Program Files\Teradata\client\16.20\Teradata Parallel Transporter/logs
Checkpoint Directory: C:\Program Files\Teradata\client\16.20\Teradata Parallel Transporter/checkpoint

Job log: C:\Program Files\Teradata\client\16.20\Teradata Parallel Transporter/logs/chris-13.out
Job id is chris-13, running on xpscold
Teradata Parallel Transporter DataConnector Operator Version 16.20.00.15
Teradata Parallel Transporter SQL Inserter Operator Version 16.20.00.15
SQL_INSERTER: private log specified: ins_log
FILE_READER[1]: DataConnector Producer operator Instances: 1
FILE_READER[1]: ECI operator ID: 'FILE_READER-6892'
FILE_READER[1]: Operator instance 1 processing file './data/\sample.txt'.
SQL_INSERTER: connecting sessions
SQL_INSERTER: sending data
SQL_INSERTER: finished sending data
FILE_READER[1]: Total files processed: 1.
SQL_INSERTER: Total Rows Sent To RDBMS:      3
SQL_INSERTER: Total Rows Applied:            3
SQL_INSERTER: disconnecting sessions
SQL_INSERTER: Performance metrics:
SQL_INSERTER:     MB/sec in Load phase: 0.001
SQL_INSERTER:     Elapsed time from start to Load phase:   1 second(s)
SQL_INSERTER:     Elapsed time in Load phase:   3 second(s)
SQL_INSERTER:     Elapsed time from Load phase to end: < 1 second
SQL_INSERTER: Total processor time used = '0.0625 Second(s)'
SQL_INSERTER: Start : Tue Jun 09 21:33:32 2020
SQL_INSERTER: End   : Tue Jun 09 21:33:36 2020
Job step LOADING_DATA_TO_SOURCE_TABLE completed successfully
Job chris completed successfully
Job start: Tue Jun 09 21:33:32 2020
Job end:   Tue Jun 09 21:33:36 2020
