USERID@UCDV-C2DV1-065:audit-log$ cmd /C tbuild -f loadJSON.tpt -v loadJSON-jobvars-<env>.txt
Teradata Parallel Transporter Version 15.10.01.06 64-Bit
Job log: C:\Program Files\Teradata\client\15.10\Teradata Parallel Transporter/logs/userid.out
Job id is USERID, running on UCDV-C2DV1-065
Teradata Parallel Transporter DataConnector Operator Version 15.10.01.06
FILE_READER[1]: DataConnector Producer operator Instances: 1
FILE_READER[1]: ECI operator ID: 'FILE_READER-95800'
Teradata Parallel Transporter SQL Inserter Operator Version 15.10.01.06
SQL_INSERTER: private log specified: ins_log
FILE_READER[1]: Operator instance 1 processing file './data/\prod.csv'.
SQL_INSERTER: connecting sessions
SQL_INSERTER: sending data
SQL_INSERTER: finished sending data
FILE_READER[1]: Total files processed: 1.
SQL_INSERTER: Total Rows Sent To RDBMS:      113247
SQL_INSERTER: Total Rows Applied:            113247
SQL_INSERTER: disconnecting sessions
SQL_INSERTER: Total processor time used = '224.328 Second(s)'
Job step LOADING_DATA_TO_SOURCE_TABLE completed successfully
SQL_INSERTER: Start : Thu Jun 11 08:11:24 2020
Job USERID completed successfully
SQL_INSERTER: End   : Thu Jun 11 08:56:16 2020
Job start: Thu Jun 11 08:11:20 2020
Job end:   Thu Jun 11 08:56:16 2020
